<?xml version="1.0" encoding="UTF-8"?>
<testng-results skipped="0" failed="0" total="1" passed="1">
  <reporter-output>
  </reporter-output>
  <suite name="Suite" duration-ms="17725" started-at="2018-12-10T18:28:14Z" finished-at="2018-12-10T18:28:32Z">
    <groups>
    </groups>
    <test name="Test" duration-ms="17725" started-at="2018-12-10T18:28:14Z" finished-at="2018-12-10T18:28:32Z">
      <class name="testCases.AndroidLoginTest">
        <test-method status="PASS" signature="setup()[pri:0, instance:testCases.AndroidLoginTest@6ddf90b0]" name="setup" is-config="true" duration-ms="55780" started-at="2018-12-10T23:57:19Z" finished-at="2018-12-10T23:58:14Z">
          <reporter-output>
          </reporter-output>
        </test-method> <!-- setup -->
        <test-method status="PASS" signature="LoginWithValidCredentials()[pri:0, instance:testCases.AndroidLoginTest@6ddf90b0]" name="LoginWithValidCredentials" duration-ms="17710" started-at="2018-12-10T23:58:14Z" finished-at="2018-12-10T23:58:32Z">
          <reporter-output>
          </reporter-output>
        </test-method> <!-- LoginWithValidCredentials -->
      </class> <!-- testCases.AndroidLoginTest -->
    </test> <!-- Test -->
  </suite> <!-- Suite -->
</testng-results>
